0 info it worked if it ends with ok
1 verbose cli [ '/usr/bin/node',
1 verbose cli   '/usr/bin/npm',
1 verbose cli   'install',
1 verbose cli   '--save',
1 verbose cli   'method-overrriw' ]
2 info using npm@1.4.28
3 info using node@v0.10.40
4 verbose node symlink /usr/bin/node
5 warn package.json cmsc100week2@1.0.0 No repository field.
6 warn package.json cmsc100week2@1.0.0 No README data
7 verbose readDependencies using package.json deps
8 verbose cache add [ 'method-overrriw', null ]
9 verbose cache add name=undefined spec="method-overrriw" args=["method-overrriw",null]
10 verbose parsed url { protocol: null,
10 verbose parsed url   slashes: null,
10 verbose parsed url   auth: null,
10 verbose parsed url   host: null,
10 verbose parsed url   port: null,
10 verbose parsed url   hostname: null,
10 verbose parsed url   hash: null,
10 verbose parsed url   search: null,
10 verbose parsed url   query: null,
10 verbose parsed url   pathname: 'method-overrriw',
10 verbose parsed url   path: 'method-overrriw',
10 verbose parsed url   href: 'method-overrriw' }
11 silly lockFile cb6124e8-method-overrriw method-overrriw
12 verbose lock method-overrriw /home/user/.npm/cb6124e8-method-overrriw.lock
13 silly lockFile cb6124e8-method-overrriw method-overrriw
14 silly lockFile cb6124e8-method-overrriw method-overrriw
15 verbose addNamed [ 'method-overrriw', '' ]
16 verbose addNamed [ null, '*' ]
17 silly lockFile 9b8ab152-method-overrriw method-overrriw@
18 verbose lock method-overrriw@ /home/user/.npm/9b8ab152-method-overrriw.lock
19 silly addNameRange { name: 'method-overrriw', range: '*', hasData: false }
20 verbose request where is /method-overrriw
21 verbose request registry https://registry.npmjs.org/
22 verbose request id c5525f2b06b35708
23 verbose url raw /method-overrriw
24 verbose url resolving [ 'https://registry.npmjs.org/', './method-overrriw' ]
25 verbose url resolved https://registry.npmjs.org/method-overrriw
26 verbose request where is https://registry.npmjs.org/method-overrriw
27 info trying registry request attempt 1 at 13:58:28
28 http GET https://registry.npmjs.org/method-overrriw
29 http 404 https://registry.npmjs.org/method-overrriw
30 silly registry.get cb [ 404,
30 silly registry.get   { 'content-type': 'application/json',
30 silly registry.get     'cache-control': 'max-age=0',
30 silly registry.get     'content-length': '2',
30 silly registry.get     'accept-ranges': 'bytes',
30 silly registry.get     date: 'Thu, 20 Aug 2015 05:58:29 GMT',
30 silly registry.get     via: '1.1 varnish',
30 silly registry.get     age: '0',
30 silly registry.get     connection: 'keep-alive',
30 silly registry.get     'x-served-by': 'cache-lax1424-LAX',
30 silly registry.get     'x-cache': 'MISS',
30 silly registry.get     'x-cache-hits': '0',
30 silly registry.get     'x-timer': 'S1440050309.345558,VS0,VE78' } ]
31 silly lockFile 9b8ab152-method-overrriw method-overrriw@
32 silly lockFile 9b8ab152-method-overrriw method-overrriw@
33 error 404 Not Found
33 error 404
33 error 404 'method-overrriw' is not in the npm registry.
33 error 404 You should bug the author to publish it
33 error 404 It was specified as a dependency of 'cmsc100week2'
33 error 404
33 error 404 Note that you can also install from a
33 error 404 tarball, folder, or http url, or git url.
34 error System Linux 3.13.0-32-generic
35 error command "/usr/bin/node" "/usr/bin/npm" "install" "--save" "method-overrriw"
36 error cwd /home/user/Desktop/cmsc100week2
37 error node -v v0.10.40
38 error npm -v 1.4.28
39 error code E404
40 verbose exit [ 1, true ]
